<?xml version="1.0" encoding="UTF-8"?>
<testng-results skipped="0" failed="1" ignored="0" total="4" passed="3">
  <reporter-output>
  </reporter-output>
  <suite name="ru.solyankinas.task.three.test by packages" duration-ms="112649" started-at="2018-08-02T09:29:22Z" finished-at="2018-08-02T09:31:15Z">
    <groups>
    </groups>
    <test name="ru.solyankinas.task.three.test" duration-ms="112649" started-at="2018-08-02T09:29:22Z" finished-at="2018-08-02T09:31:15Z">
      <class name="ru.solyankinas.task.three.test.ComparisonProductTest">
        <test-method status="PASS" signature="startBrowser()[pri:0, instance:ru.solyankinas.task.three.test.ComparisonProductTest@5c530d1e]" name="startBrowser" is-config="true" duration-ms="7387" started-at="2018-08-02T09:29:22Z" finished-at="2018-08-02T09:29:29Z">
          <reporter-output>
          </reporter-output>
        </test-method> <!-- startBrowser -->
        <test-method status="FAIL" signature="testComparisonProduct()[pri:0, instance:ru.solyankinas.task.three.test.ComparisonProductTest@5c530d1e]" name="testComparisonProduct" duration-ms="22619" started-at="2018-08-02T09:29:30Z" finished-at="2018-08-02T09:29:52Z">
          <exception class="java.lang.AssertionError">
            <message>
              <![CDATA[expected [true] but found [false]]]>
            </message>
            <full-stacktrace>
              <![CDATA[java.lang.AssertionError: expected [true] but found [false]
at org.testng.Assert.fail(Assert.java:96)
at org.testng.Assert.failNotEquals(Assert.java:776)
at org.testng.Assert.assertTrue(Assert.java:44)
at org.testng.Assert.assertTrue(Assert.java:54)
at ru.solyankinas.task.three.test.ComparisonProductTest.testComparisonProduct(ComparisonProductTest.java:15)
at sun.reflect.NativeMethodAccessorImpl.invoke0(Native Method)
at sun.reflect.NativeMethodAccessorImpl.invoke(NativeMethodAccessorImpl.java:62)
at sun.reflect.DelegatingMethodAccessorImpl.invoke(DelegatingMethodAccessorImpl.java:43)
at java.lang.reflect.Method.invoke(Method.java:498)
at org.testng.internal.MethodInvocationHelper.invokeMethod(MethodInvocationHelper.java:124)
at org.testng.internal.Invoker.invokeMethod(Invoker.java:583)
at org.testng.internal.Invoker.invokeTestMethod(Invoker.java:719)
at org.testng.internal.Invoker.invokeTestMethods(Invoker.java:989)
at org.testng.internal.TestMethodWorker.invokeTestMethods(TestMethodWorker.java:125)
at org.testng.internal.TestMethodWorker.run(TestMethodWorker.java:109)
at org.testng.TestRunner.privateRun(TestRunner.java:648)
at org.testng.TestRunner.run(TestRunner.java:505)
at org.testng.SuiteRunner.runTest(SuiteRunner.java:455)
at org.testng.SuiteRunner.runSequentially(SuiteRunner.java:450)
at org.testng.SuiteRunner.privateRun(SuiteRunner.java:415)
at org.testng.SuiteRunner.run(SuiteRunner.java:364)
at org.testng.SuiteRunnerWorker.runSuite(SuiteRunnerWorker.java:52)
at org.testng.SuiteRunnerWorker.run(SuiteRunnerWorker.java:84)
at org.testng.TestNG.runSuitesSequentially(TestNG.java:1208)
at org.testng.TestNG.runSuitesLocally(TestNG.java:1137)
at org.testng.TestNG.runSuites(TestNG.java:1049)
at org.testng.TestNG.run(TestNG.java:1017)
at org.apache.maven.surefire.testng.TestNGExecutor.run(TestNGExecutor.java:281)
at org.apache.maven.surefire.testng.TestNGXmlTestSuite.execute(TestNGXmlTestSuite.java:75)
at org.apache.maven.surefire.testng.TestNGProvider.invoke(TestNGProvider.java:121)
at org.apache.maven.surefire.booter.ForkedBooter.invokeProviderInSameClassLoader(ForkedBooter.java:290)
at org.apache.maven.surefire.booter.ForkedBooter.runSuitesInProcess(ForkedBooter.java:242)
at org.apache.maven.surefire.booter.ForkedBooter.main(ForkedBooter.java:121)
]]>
            </full-stacktrace>
          </exception> <!-- java.lang.AssertionError -->
          <reporter-output>
          </reporter-output>
        </test-method> <!-- testComparisonProduct -->
        <test-method status="PASS" signature="closeBrowser()[pri:0, instance:ru.solyankinas.task.three.test.ComparisonProductTest@5c530d1e]" name="closeBrowser" is-config="true" duration-ms="2730" started-at="2018-08-02T09:29:52Z" finished-at="2018-08-02T09:29:55Z">
          <reporter-output>
          </reporter-output>
        </test-method> <!-- closeBrowser -->
      </class> <!-- ru.solyankinas.task.three.test.ComparisonProductTest -->
      <class name="ru.solyankinas.task.three.test.MarketSortByPriceTest">
        <test-method status="PASS" signature="startBrowser()[pri:0, instance:ru.solyankinas.task.three.test.MarketSortByPriceTest@85e6769]" name="startBrowser" is-config="true" duration-ms="4936" started-at="2018-08-02T09:30:18Z" finished-at="2018-08-02T09:30:23Z">
          <reporter-output>
          </reporter-output>
        </test-method> <!-- startBrowser -->
        <test-method status="PASS" signature="marketSortByPriceTest()[pri:0, instance:ru.solyankinas.task.three.test.MarketSortByPriceTest@85e6769]" name="marketSortByPriceTest" duration-ms="14734" started-at="2018-08-02T09:30:23Z" finished-at="2018-08-02T09:30:38Z">
          <reporter-output>
          </reporter-output>
        </test-method> <!-- marketSortByPriceTest -->
        <test-method status="PASS" signature="closeBrowser()[pri:0, instance:ru.solyankinas.task.three.test.MarketSortByPriceTest@85e6769]" name="closeBrowser" is-config="true" duration-ms="927" started-at="2018-08-02T09:30:38Z" finished-at="2018-08-02T09:30:39Z">
          <reporter-output>
          </reporter-output>
        </test-method> <!-- closeBrowser -->
      </class> <!-- ru.solyankinas.task.three.test.MarketSortByPriceTest -->
      <class name="ru.solyankinas.task.three.test.NavigationYandexTest">
        <test-method status="PASS" signature="startBrowser()[pri:0, instance:ru.solyankinas.task.three.test.NavigationYandexTest@c5ee75e]" name="startBrowser" is-config="true" duration-ms="4944" started-at="2018-08-02T09:30:39Z" finished-at="2018-08-02T09:30:43Z">
          <reporter-output>
          </reporter-output>
        </test-method> <!-- startBrowser -->
        <test-method status="PASS" signature="testNavigationYandex()[pri:0, instance:ru.solyankinas.task.three.test.NavigationYandexTest@c5ee75e]" name="testNavigationYandex" duration-ms="29952" started-at="2018-08-02T09:30:43Z" finished-at="2018-08-02T09:31:13Z">
          <reporter-output>
          </reporter-output>
        </test-method> <!-- testNavigationYandex -->
        <test-method status="PASS" signature="closeBrowser()[pri:0, instance:ru.solyankinas.task.three.test.NavigationYandexTest@c5ee75e]" name="closeBrowser" is-config="true" duration-ms="1067" started-at="2018-08-02T09:31:13Z" finished-at="2018-08-02T09:31:15Z">
          <reporter-output>
          </reporter-output>
        </test-method> <!-- closeBrowser -->
      </class> <!-- ru.solyankinas.task.three.test.NavigationYandexTest -->
      <class name="ru.solyankinas.task.three.test.MarketCheckItemDisplayPageTest">
        <test-method status="PASS" signature="startBrowser()[pri:0, instance:ru.solyankinas.task.three.test.MarketCheckItemDisplayPageTest@6c25e6c4]" name="startBrowser" is-config="true" duration-ms="4943" started-at="2018-08-02T09:29:55Z" finished-at="2018-08-02T09:30:00Z">
          <reporter-output>
          </reporter-output>
        </test-method> <!-- startBrowser -->
        <test-method status="PASS" signature="marketCheckItemDisplayPage()[pri:0, instance:ru.solyankinas.task.three.test.MarketCheckItemDisplayPageTest@6c25e6c4]" name="marketCheckItemDisplayPage" duration-ms="16977" started-at="2018-08-02T09:30:00Z" finished-at="2018-08-02T09:30:17Z">
          <reporter-output>
          </reporter-output>
        </test-method> <!-- marketCheckItemDisplayPage -->
        <test-method status="PASS" signature="closeBrowser()[pri:0, instance:ru.solyankinas.task.three.test.MarketCheckItemDisplayPageTest@6c25e6c4]" name="closeBrowser" is-config="true" duration-ms="950" started-at="2018-08-02T09:30:17Z" finished-at="2018-08-02T09:30:18Z">
          <reporter-output>
          </reporter-output>
        </test-method> <!-- closeBrowser -->
      </class> <!-- ru.solyankinas.task.three.test.MarketCheckItemDisplayPageTest -->
    </test> <!-- ru.solyankinas.task.three.test -->
  </suite> <!-- ru.solyankinas.task.three.test by packages -->
</testng-results>
